\BOOKMARK [1][-]{section.1}{\376\377\254\034\306\224}{}% 1
\BOOKMARK [2][-]{subsection.1.1}{\376\377\306\104\301\061\264\034\000\040\256\060\262\245\000\040\272\251\270\135}{section.1}% 2
\BOOKMARK [2][-]{subsection.1.2}{\376\377\310\374\306\224\000\040\254\034\301\040\000\040\300\254\325\155}{section.1}% 3
\BOOKMARK [1][-]{section.2}{\376\377\256\060\262\245\274\304\000\040\300\301\301\070\000\040\255\154\326\004\000\040\260\264\306\251}{}% 4
\BOOKMARK [2][-]{subsection.2.1}{\376\377\254\365\311\300\300\254\325\155}{section.2}% 5
\BOOKMARK [3][-]{subsubsection.2.1.1}{\376\377\272\251\270\135\000\040\326\124\272\164}{subsection.2.1}% 6
\BOOKMARK [3][-]{subsubsection.2.1.2}{\376\377\326\124\272\164\000\040\255\154\301\061}{subsection.2.1}% 7
\BOOKMARK [3][-]{subsubsection.2.1.3}{\376\377\310\374\306\224\000\040\265\024\307\220\307\170\000\040\306\224\301\214}{subsection.2.1}% 8
\BOOKMARK [3][-]{subsubsection.2.1.4}{\376\377\256\000\000\040\307\221\301\061\000\040\326\124\272\164}{subsection.2.1}% 9
\BOOKMARK [3][-]{subsubsection.2.1.5}{\376\377\307\221\301\061\000\040\326\124\272\164\000\040\255\154\301\061}{subsection.2.1}% 10
\BOOKMARK [3][-]{subsubsection.2.1.6}{\376\377\310\374\306\224\000\040\256\060\262\245}{subsection.2.1}% 11
\BOOKMARK [3][-]{subsubsection.2.1.7}{\376\377\260\264\306\251\000\040\274\364\256\060\000\040\326\124\272\164}{subsection.2.1}% 12
\BOOKMARK [3][-]{subsubsection.2.1.8}{\376\377\300\301\301\070\000\040\326\124\272\164\000\040\255\154\301\061}{subsection.2.1}% 13
\BOOKMARK [3][-]{subsubsection.2.1.9}{\376\377\310\374\306\224\000\040\306\224\301\214}{subsection.2.1}% 14
\BOOKMARK [3][-]{subsubsection.2.1.10}{\376\377\256\060\256\060\274\304\000\040\326\124\272\164\000\040\255\154\301\061}{subsection.2.1}% 15
\BOOKMARK [2][-]{subsection.2.2}{\376\377\254\044\267\354\271\254}{section.2}% 16
\BOOKMARK [3][-]{subsubsection.2.2.1}{\376\377\300\254\311\304\000\040\272\251\270\135\000\040\326\124\272\164}{subsection.2.2}% 17
\BOOKMARK [3][-]{subsubsection.2.2.2}{\376\377\326\124\272\164\000\040\255\154\301\061}{subsection.2.2}% 18
\BOOKMARK [3][-]{subsubsection.2.2.3}{\376\377\310\374\306\224\000\040\265\024\307\220\307\170\000\040\306\224\301\214}{subsection.2.2}% 19
\BOOKMARK [3][-]{subsubsection.2.2.4}{\376\377\300\254\311\304\000\040\274\364\256\060\000\040\326\124\272\164}{subsection.2.2}% 20
\BOOKMARK [3][-]{subsubsection.2.2.5}{\376\377\300\301\301\070\000\040\326\124\272\164\000\040\255\154\301\061}{subsection.2.2}% 21
\BOOKMARK [3][-]{subsubsection.2.2.6}{\376\377\310\374\306\224\000\040\256\060\262\245}{subsection.2.2}% 22
\BOOKMARK [3][-]{subsubsection.2.2.7}{\376\377\256\060\256\060\274\304\000\040\326\124\272\164\000\040\255\154\301\061}{subsection.2.2}% 23
\BOOKMARK [2][-]{subsection.2.3}{\376\377\326\214\306\320\254\000\307\205}{section.2}% 24
\BOOKMARK [3][-]{subsubsection.2.3.1}{\376\377\254\000\307\205\000\040\305\221\302\335\000\040\326\124\272\164}{subsection.2.3}% 25
\BOOKMARK [3][-]{subsubsection.2.3.2}{\376\377\326\124\272\164\000\040\255\154\301\061}{subsection.2.3}% 26
\BOOKMARK [3][-]{subsubsection.2.3.3}{\376\377\307\205\270\045\000\040\325\155\272\251}{subsection.2.3}% 27
\BOOKMARK [3][-]{subsubsection.2.3.4}{\376\377\310\374\306\224\000\040\265\024\307\220\307\170\000\040\306\224\301\214}{subsection.2.3}% 28
\BOOKMARK [3][-]{subsubsection.2.3.5}{\376\377\256\060\256\060\274\304\000\040\326\124\272\164\000\040\255\154\301\061}{subsection.2.3}% 29
\BOOKMARK [2][-]{subsection.2.4}{\376\377\306\010\274\060\000\040\306\001\300\301\000\040\000\050\000W\000o\000r\000s\000h\000i\000p\000\051}{section.2}% 30
\BOOKMARK [3][-]{subsubsection.2.4.1}{\376\377\306\001\300\301\000\040\272\251\270\135\000\040\326\124\272\164}{subsection.2.4}% 31
\BOOKMARK [3][-]{subsubsection.2.4.2}{\376\377\326\124\272\164\000\040\255\154\301\061}{subsection.2.4}% 32
\BOOKMARK [3][-]{subsubsection.2.4.3}{\376\377\310\374\306\224\000\040\265\024\307\220\307\170\000\040\306\224\301\214}{subsection.2.4}% 33
\BOOKMARK [3][-]{subsubsection.2.4.4}{\376\377\306\001\300\301\000\040\307\254\300\335\000\040\326\124\272\164}{subsection.2.4}% 34
\BOOKMARK [3][-]{subsubsection.2.4.5}{\376\377\307\254\300\335\000\040\326\124\272\164\000\040\255\154\301\061}{subsection.2.4}% 35
\BOOKMARK [3][-]{subsubsection.2.4.6}{\376\377\310\374\306\224\000\040\256\060\262\245}{subsection.2.4}% 36
\BOOKMARK [3][-]{subsubsection.2.4.7}{\376\377\256\060\256\060\274\304\000\040\326\124\272\164\000\040\255\154\301\061}{subsection.2.4}% 37
\BOOKMARK [1][-]{section.3}{\376\377\254\260\270\140}{}% 38
\BOOKMARK [2][-]{subsection.3.1}{\376\377\306\104\270\314\264\034\000\040\307\221\305\305\000\040\306\224\305\175}{section.3}% 39
\BOOKMARK [2][-]{subsection.3.2}{\376\377\301\044\254\304\000\040\306\320\316\131}{section.3}% 40
\BOOKMARK [2][-]{subsection.3.3}{\376\377\256\060\263\000\000\040\326\250\254\374}{section.3}% 41
