\BOOKMARK [1][-]{section.1}{\376\377\254\034\306\224}{}% 1
\BOOKMARK [2][-]{subsection.1.1}{\376\377\306\104\301\061\264\034\000\040\323\230\307\164\311\300\000\040\272\251\270\135}{section.1}% 2
\BOOKMARK [2][-]{subsection.1.2}{\376\377\300\254\306\251\264\034\000\040\256\060\302\040}{section.1}% 3
\BOOKMARK [1][-]{section.2}{\376\377\323\230\307\164\311\300\274\304\000\040\300\301\301\070\000\040\255\154\326\004\000\040\260\264\306\251}{}% 4
\BOOKMARK [2][-]{subsection.2.1}{\376\377\307\170\300\254\271\320\000\040\323\230\307\164\311\300\000\040\000\050\000G\000r\000e\000e\000t\000i\000n\000g\000\051}{section.2}% 5
\BOOKMARK [3][-]{subsubsection.2.1.1}{\376\377\326\124\272\164\000\040\316\241\314\230\000\040\000\050\000j\000a\000e\000j\000a\000d\000l\000e\000-\000c\000h\000u\000r\000c\000h\000.\000v\000e\000r\000c\000e\000l\000.\000a\000p\000p\000/\000g\000r\000e\000e\000t\000i\000n\000g\000\051}{subsection.2.1}% 6
\BOOKMARK [3][-]{subsubsection.2.1.2}{\376\377\265\024\307\220\307\170\000\040\316\350\301\111}{subsection.2.1}% 7
\BOOKMARK [3][-]{subsubsection.2.1.3}{\376\377\310\374\306\224\000\040\265\024\307\220\307\170\000\040\306\224\301\214}{subsection.2.1}% 8
\BOOKMARK [3][-]{subsubsection.2.1.4}{\376\377\256\060\256\060\274\304\000\040\326\124\272\164\000\040\255\154\301\061}{subsection.2.1}% 9
\BOOKMARK [2][-]{subsection.2.2}{\376\377\276\104\310\004\000\040\323\230\307\164\311\300\000\040\000\050\000V\000i\000s\000i\000o\000n\000\051}{section.2}% 10
\BOOKMARK [3][-]{subsubsection.2.2.1}{\376\377\326\124\272\164\000\040\316\241\314\230\000\040\000\050\000j\000a\000e\000j\000a\000d\000l\000e\000-\000c\000h\000u\000r\000c\000h\000.\000v\000e\000r\000c\000e\000l\000.\000a\000p\000p\000/\000v\000i\000s\000i\000o\000n\000\051}{subsection.2.2}% 11
\BOOKMARK [3][-]{subsubsection.2.2.2}{\376\377\265\024\307\220\307\170\000\040\316\350\301\111}{subsection.2.2}% 12
\BOOKMARK [3][-]{subsubsection.2.2.3}{\376\377\301\071\301\130\274\304\000\040\255\154\326\004\000\040\260\264\306\251}{subsection.2.2}% 13
\BOOKMARK [3][-]{subsubsection.2.2.4}{\376\377\256\060\256\060\274\304\000\040\326\124\272\164\000\040\255\154\301\061}{subsection.2.2}% 14
\BOOKMARK [2][-]{subsection.2.3}{\376\377\301\054\256\100\307\164\000\040\323\230\307\164\311\300\000\040\000\050\000L\000e\000a\000d\000e\000r\000s\000\051}{section.2}% 15
\BOOKMARK [3][-]{subsubsection.2.3.1}{\376\377\326\124\272\164\000\040\316\241\314\230\000\040\000\050\000j\000a\000e\000j\000a\000d\000l\000e\000-\000c\000h\000u\000r\000c\000h\000.\000v\000e\000r\000c\000e\000l\000.\000a\000p\000p\000/\000l\000e\000a\000d\000e\000r\000s\000\051}{subsection.2.3}% 16
\BOOKMARK [3][-]{subsubsection.2.3.2}{\376\377\265\024\307\220\307\170\000\040\316\350\301\111}{subsection.2.3}% 17
\BOOKMARK [3][-]{subsubsection.2.3.3}{\376\377\310\374\306\224\000\040\265\024\307\220\307\170\000\040\306\224\301\214}{subsection.2.3}% 18
\BOOKMARK [3][-]{subsubsection.2.3.4}{\376\377\256\060\256\060\274\304\000\040\326\124\272\164\000\040\255\154\301\061}{subsection.2.3}% 19
\BOOKMARK [2][-]{subsection.2.4}{\376\377\306\044\302\334\262\224\000\040\256\070\000\040\323\230\307\164\311\300\000\040\000\050\000D\000i\000r\000e\000c\000t\000i\000o\000n\000s\000\051}{section.2}% 20
\BOOKMARK [3][-]{subsubsection.2.4.1}{\376\377\326\124\272\164\000\040\316\241\314\230\000\040\000\050\000j\000a\000e\000j\000a\000d\000l\000e\000-\000c\000h\000u\000r\000c\000h\000.\000v\000e\000r\000c\000e\000l\000.\000a\000p\000p\000/\000d\000i\000r\000e\000c\000t\000i\000o\000n\000s\000\051}{subsection.2.4}% 21
\BOOKMARK [3][-]{subsubsection.2.4.2}{\376\377\265\024\307\220\307\170\000\040\316\350\301\111}{subsection.2.4}% 22
\BOOKMARK [3][-]{subsubsection.2.4.3}{\376\377\310\374\306\224\000\040\265\024\307\220\307\170\000\040\306\224\301\214}{subsection.2.4}% 23
\BOOKMARK [3][-]{subsubsection.2.4.4}{\376\377\256\060\256\060\274\304\000\040\326\124\272\164\000\040\255\154\301\061}{subsection.2.4}% 24
\BOOKMARK [1][-]{section.3}{\376\377\254\260\270\140}{}% 25
\BOOKMARK [2][-]{subsection.3.1}{\376\377\306\104\270\314\264\034\000\040\307\221\305\305\000\040\306\224\305\175}{section.3}% 26
\BOOKMARK [2][-]{subsection.3.2}{\376\377\265\024\307\220\307\170\000\040\306\320\316\131}{section.3}% 27
\BOOKMARK [2][-]{subsection.3.3}{\376\377\256\060\263\000\000\040\326\250\254\374}{section.3}% 28
